<?xml version="1.0" encoding="UTF-8"?>
<testsuites name="TS01_Login" time="1.334" tests="4" failures="0" errors="3">
   <testsuite name="TS01_Login" tests="4" failures="0" errors="3" time="1.334" skipped="0" timestamp="2023-01-20 16:20:26" hostname="6000146 - LAPTOP-6000146.mshome.net" id="Test Suites/TS01_Login">
      <properties>
         <property name="deviceName" value=""/>
         <property name="devicePlatform" value=""/>
         <property name="logFolder" value="C:\\Users\\6000146\\Katalon Studio\\Automation-Login (1)\\Reports\\20230120_162007\\TS01_Login\\20230120_162007"/>
         <property name="logFiles" value="C:\\Users\\6000146\\Katalon Studio\\Automation-Login (1)\\Reports\\20230120_162007\\TS01_Login\\20230120_162007\\execution0.log"/>
         <property name="attachments" value=""/>
         <property name="hostName" value="6000146 - LAPTOP-6000146.mshome.net"/>
         <property name="hostAddress" value="172.20.208.1"/>
         <property name="os" value="Windows 10 64bit"/>
         <property name="katalonVersion" value="8.5.5.208"/>
      </properties>
      <testcase name="Test Cases/TC01_Valid_Login" time="0.76" classname="Test Cases/TC01_Valid_Login" status="PASSED">
         <system-out><![CDATA[2023-01-20 16:20:26 - [TEST_CASE][PASSED] - Test Cases/TC01_Valid_Login: Test Cases/TC01_Valid_Login

2023-01-20 16:20:27 - [TEST_STEP][PASSED] - return null: null]]></system-out>
         <system-err><![CDATA[]]></system-err>
      </testcase>
      <testcase name="Test Cases/TC02_Invalid_Email" time="0.029" classname="Test Cases/TC02_Invalid_Email" status="ERROR">
         <error type="ERROR" message="Test Cases/TC02_Invalid_Email has ERROR(s).
Reason:
java.io.FileNotFoundException: File '' does not exist"/>
         <system-out><![CDATA[2023-01-20 16:20:27 - [TEST_CASE][ERROR] - Test Cases/TC02_Invalid_Email: Test Cases/TC02_Invalid_Email has ERROR(s).
Reason:
java.io.FileNotFoundException: File '' does not exist]]></system-out>
         <system-err><![CDATA[2023-01-20 16:20:27 - [TEST_CASE][ERROR] - Test Cases/TC02_Invalid_Email: Test Cases/TC02_Invalid_Email has ERROR(s).
Reason:
java.io.FileNotFoundException: File '' does not exist]]></system-err>
      </testcase>
      <testcase name="Test Cases/TC03_Invalid_Password" time="0.007" classname="Test Cases/TC03_Invalid_Password" status="ERROR">
         <error type="ERROR" message="Test Cases/TC03_Invalid_Password has ERROR(s).
Reason:
java.io.FileNotFoundException: File '' does not exist"/>
         <system-out><![CDATA[2023-01-20 16:20:27 - [TEST_CASE][ERROR] - Test Cases/TC03_Invalid_Password: Test Cases/TC03_Invalid_Password has ERROR(s).
Reason:
java.io.FileNotFoundException: File '' does not exist]]></system-out>
         <system-err><![CDATA[2023-01-20 16:20:27 - [TEST_CASE][ERROR] - Test Cases/TC03_Invalid_Password: Test Cases/TC03_Invalid_Password has ERROR(s).
Reason:
java.io.FileNotFoundException: File '' does not exist]]></system-err>
      </testcase>
      <testcase name="Test Cases/TC04_Logout" time="0.007" classname="Test Cases/TC04_Logout" status="ERROR">
         <error type="ERROR" message="Test Cases/TC04_Logout has ERROR(s).
Reason:
java.io.FileNotFoundException: File '' does not exist"/>
         <system-out><![CDATA[2023-01-20 16:20:27 - [TEST_CASE][ERROR] - Test Cases/TC04_Logout: Test Cases/TC04_Logout has ERROR(s).
Reason:
java.io.FileNotFoundException: File '' does not exist]]></system-out>
         <system-err><![CDATA[2023-01-20 16:20:27 - [TEST_CASE][ERROR] - Test Cases/TC04_Logout: Test Cases/TC04_Logout has ERROR(s).
Reason:
java.io.FileNotFoundException: File '' does not exist]]></system-err>
      </testcase>
      <system-out><![CDATA[2023-01-20 16:20:26 - [TEST_SUITE][ERROR] - TS01_Login: Test Cases/TC02_Invalid_Email has ERROR(s).
Reason:
java.io.FileNotFoundException: File '' does not exist]]></system-out>
      <system-err><![CDATA[2023-01-20 16:20:26 - [TEST_SUITE][ERROR] - TS01_Login: Test Cases/TC02_Invalid_Email has ERROR(s).
Reason:
java.io.FileNotFoundException: File '' does not exist]]></system-err>
   </testsuite>
</testsuites>
